Compiling the C compiler identification source file "CMakeCCompilerId.c" failed.
Compiler: /usr/bin/arm-none-eabi-gcc 
Build flags: 
Id flags:  

The output was:
1
/usr/lib/gcc/arm-none-eabi/9.2.1/../../../arm-none-eabi/bin/ld: /usr/lib/gcc/arm-none-eabi/9.2.1/../../../arm-none-eabi/lib/libc.a(lib_a-exit.o): in function `exit':
/build/newlib-CVVEyx/newlib-3.3.0/build/arm-none-eabi/newlib/libc/stdlib/../../../../../newlib/libc/stdlib/exit.c:64: undefined reference to `_exit'
collect2: error: ld returned 1 exit status


Compiling the CXX compiler identification source file "CMakeCXXCompilerId.cpp" failed.
Compiler: /usr/bin/arm-none-eabi-g++ 
Build flags: 
Id flags:  

The output was:
1
/usr/lib/gcc/arm-none-eabi/9.2.1/../../../arm-none-eabi/bin/ld: /usr/lib/gcc/arm-none-eabi/9.2.1/../../../arm-none-eabi/lib/libc.a(lib_a-exit.o): in function `exit':
/build/newlib-CVVEyx/newlib-3.3.0/build/arm-none-eabi/newlib/libc/stdlib/../../../../../newlib/libc/stdlib/exit.c:64: undefined reference to `_exit'
collect2: error: ld returned 1 exit status


Performing C SOURCE FILE Test C_COMPILER_SUPPORTS_WFORMAT_SIGNEDNESS failed with the following output:
Change Dir: /home/teddy/Data/02_WorkSpace/01_RP_pico/pico_audio_streaming_Test/build/CMakeFiles/CMakeTmp

Run Build Command(s):/usr/bin/make cmTC_1b6ed/fast && /usr/bin/make -f CMakeFiles/cmTC_1b6ed.dir/build.make CMakeFiles/cmTC_1b6ed.dir/build
make[1]: Entering directory '/home/teddy/Data/02_WorkSpace/01_RP_pico/pico_audio_streaming_Test/build/CMakeFiles/CMakeTmp'
Building C object CMakeFiles/cmTC_1b6ed.dir/src.c.obj
/usr/bin/arm-none-eabi-gcc   -mcpu=cortex-m0plus -mthumb -Wall -Wextra -Wwrite-strings -Wformat=2 -Wno-format-nonliteral -Wvla -Wlogical-op -Wshadow -DC_COMPILER_SUPPORTS_WFORMAT_SIGNEDNESS   -Wformat-signedness -o CMakeFiles/cmTC_1b6ed.dir/src.c.obj   -c /home/teddy/Data/02_WorkSpace/01_RP_pico/pico_audio_streaming_Test/build/CMakeFiles/CMakeTmp/src.c
Linking C executable cmTC_1b6ed.elf
/usr/bin/cmake -E cmake_link_script CMakeFiles/cmTC_1b6ed.dir/link.txt --verbose=1
/usr/bin/arm-none-eabi-gcc -mcpu=cortex-m0plus -mthumb -Wall -Wextra -Wwrite-strings -Wformat=2 -Wno-format-nonliteral -Wvla -Wlogical-op -Wshadow -DC_COMPILER_SUPPORTS_WFORMAT_SIGNEDNESS -Wl,--build-id=none   CMakeFiles/cmTC_1b6ed.dir/src.c.obj  -o cmTC_1b6ed.elf 
/usr/lib/gcc/arm-none-eabi/9.2.1/../../../arm-none-eabi/bin/ld: /usr/lib/gcc/arm-none-eabi/9.2.1/../../../arm-none-eabi/lib/thumb/v6-m/nofp/libc.a(lib_a-exit.o): in function `exit':
/build/newlib-CVVEyx/newlib-3.3.0/build/arm-none-eabi/thumb/v6-m/nofp/newlib/libc/stdlib/../../../../../../../../newlib/libc/stdlib/exit.c:64: undefined reference to `_exit'
collect2: error: ld returned 1 exit status
make[1]: *** [CMakeFiles/cmTC_1b6ed.dir/build.make:87: cmTC_1b6ed.elf] Error 1
make[1]: Leaving directory '/home/teddy/Data/02_WorkSpace/01_RP_pico/pico_audio_streaming_Test/build/CMakeFiles/CMakeTmp'
make: *** [Makefile:121: cmTC_1b6ed/fast] Error 2


Source file was:
int main(void) { return 0; }
